Arguments: 
  /usr/bin/node /usr/share/yarn/bin/yarn.js install

PATH: 
  /usr/local/bin:/usr/bin:/bin:/usr/local/games:/usr/games:/snap/bin

Yarn version: 
  1.22.17

Node version: 
  16.8.0

Platform: 
  linux x64

Trace: 
  Error: connect ENETUNREACH 104.16.17.35:443
      at TCPConnectWrap.afterConnect [as oncomplete] (node:net:1146:16)

npm manifest: 
  {
    "name": "nft-preview",
    "version": "0.0.0",
    "type": "module",
    "scripts": {
      "dev": "vite",
      "build": "vite build",
      "preview": "vite preview",
      "check": "svelte-check --tsconfig ./tsconfig.json"
    },
    "devDependencies": {
      "@sveltejs/vite-plugin-svelte": "^1.0.0-next.30",
      "@tsconfig/svelte": "^2.0.1",
      "svelte": "^3.44.0",
      "svelte-check": "^2.2.7",
      "svelte-preprocess": "^4.9.8",
      "tslib": "^2.3.1",
      "typescript": "^4.4.4",
      "vite": "^2.7.2"
    }
  }

yarn manifest: 
  No manifest

Lockfile: 
  No lockfile
